<?xml version="1.0" encoding="UTF-8" ?>
<testsuite tests="12" failures="0" name="com.jpinon.cipher.caesar.impl.CaesarCipherTest" time="0.011" errors="0" skipped="0">
  <properties>
    <property name="java.runtime.name" value="OpenJDK Runtime Environment"/>
    <property name="java.vm.version" value="11.0.15+10-Ubuntu-0ubuntu0.20.04.1"/>
    <property name="sun.boot.library.path" value="/usr/lib/jvm/java-11-openjdk-amd64/lib"/>
    <property name="maven.multiModuleProjectDirectory" value="/home/jpinon/repositories/github/jpinon/caesar-cipher"/>
    <property name="java.vm.vendor" value="Private Build"/>
    <property name="java.vendor.url" value="Unknown"/>
    <property name="guice.disable.misplaced.annotation.check" value="true"/>
    <property name="path.separator" value=":"/>
    <property name="java.vm.name" value="OpenJDK 64-Bit Server VM"/>
    <property name="sun.os.patch.level" value="unknown"/>
    <property name="user.country" value="GB"/>
    <property name="sun.java.launcher" value="SUN_STANDARD"/>
    <property name="java.vm.specification.name" value="Java Virtual Machine Specification"/>
    <property name="user.dir" value="/home/jpinon/repositories/github/jpinon/caesar-cipher"/>
    <property name="java.vm.compressedOopsMode" value="Zero based"/>
    <property name="java.runtime.version" value="11.0.15+10-Ubuntu-0ubuntu0.20.04.1"/>
    <property name="java.awt.graphicsenv" value="sun.awt.X11GraphicsEnvironment"/>
    <property name="os.arch" value="amd64"/>
    <property name="java.io.tmpdir" value="/tmp"/>
    <property name="line.separator" value="
"/>
    <property name="java.vm.specification.vendor" value="Oracle Corporation"/>
    <property name="os.name" value="Linux"/>
    <property name="classworlds.conf" value="/usr/share/maven/bin/m2.conf"/>
    <property name="sun.jnu.encoding" value="UTF-8"/>
    <property name="java.library.path" value="/usr/java/packages/lib:/usr/lib/x86_64-linux-gnu/jni:/lib/x86_64-linux-gnu:/usr/lib/x86_64-linux-gnu:/usr/lib/jni:/lib:/usr/lib"/>
    <property name="maven.conf" value="/usr/share/maven/conf"/>
    <property name="jdk.debug" value="release"/>
    <property name="java.class.version" value="55.0"/>
    <property name="java.specification.name" value="Java Platform API Specification"/>
    <property name="sun.management.compiler" value="HotSpot 64-Bit Tiered Compilers"/>
    <property name="os.version" value="5.15.0-41-generic"/>
    <property name="library.jansi.path" value="/usr/share/maven/lib/jansi-native"/>
    <property name="user.home" value="/home/jpinon"/>
    <property name="user.timezone" value="Europe/Madrid"/>
    <property name="java.awt.printerjob" value="sun.print.PSPrinterJob"/>
    <property name="file.encoding" value="UTF-8"/>
    <property name="java.specification.version" value="11"/>
    <property name="user.name" value="jpinon"/>
    <property name="java.class.path" value="/usr/share/maven/boot/plexus-classworlds-2.x.jar"/>
    <property name="java.vm.specification.version" value="11"/>
    <property name="sun.arch.data.model" value="64"/>
    <property name="sun.java.command" value="org.codehaus.plexus.classworlds.launcher.Launcher clean package"/>
    <property name="java.home" value="/usr/lib/jvm/java-11-openjdk-amd64"/>
    <property name="user.language" value="en"/>
    <property name="java.specification.vendor" value="Oracle Corporation"/>
    <property name="awt.toolkit" value="sun.awt.X11.XToolkit"/>
    <property name="java.vm.info" value="mixed mode, sharing"/>
    <property name="java.version" value="11.0.15"/>
    <property name="securerandom.source" value="file:/dev/./urandom"/>
    <property name="java.vendor" value="Private Build"/>
    <property name="maven.home" value="/usr/share/maven"/>
    <property name="file.separator" value="/"/>
    <property name="java.version.date" value="2022-04-19"/>
    <property name="java.vendor.url.bug" value="Unknown"/>
    <property name="sun.io.unicode.encoding" value="UnicodeLittle"/>
    <property name="sun.cpu.endian" value="little"/>
    <property name="sun.desktop" value="gnome"/>
    <property name="sun.cpu.isalist" value=""/>
  </properties>
  <testcase classname="com.jpinon.cipher.caesar.impl.CaesarCipherTest" name="com.jpinon.cipher.caesar.impl.CaesarCipherTest.test0" time="0.01"/>
  <testcase classname="com.jpinon.cipher.caesar.impl.CaesarCipherTest" name="com.jpinon.cipher.caesar.impl.CaesarCipherTest.test1" time="0"/>
  <testcase classname="com.jpinon.cipher.caesar.impl.CaesarCipherTest" name="com.jpinon.cipher.caesar.impl.CaesarCipherTest.test2" time="0"/>
  <testcase classname="com.jpinon.cipher.caesar.impl.CaesarCipherTest" name="com.jpinon.cipher.caesar.impl.CaesarCipherTest.test3" time="0"/>
  <testcase classname="com.jpinon.cipher.caesar.impl.CaesarCipherTest" name="com.jpinon.cipher.caesar.impl.CaesarCipherTest.test4" time="0"/>
  <testcase classname="com.jpinon.cipher.caesar.impl.CaesarCipherTest" name="com.jpinon.cipher.caesar.impl.CaesarCipherTest.test5" time="0"/>
  <testcase classname="com.jpinon.cipher.caesar.impl.CaesarCipherTest" name="com.jpinon.cipher.caesar.impl.CaesarCipherTest.test6" time="0"/>
  <testcase classname="com.jpinon.cipher.caesar.impl.CaesarCipherTest" name="com.jpinon.cipher.caesar.impl.CaesarCipherTest.test7" time="0"/>
  <testcase classname="com.jpinon.cipher.caesar.impl.CaesarCipherTest" name="com.jpinon.cipher.caesar.impl.CaesarCipherTest.test8" time="0"/>
  <testcase classname="com.jpinon.cipher.caesar.impl.CaesarCipherTest" name="com.jpinon.cipher.caesar.impl.CaesarCipherTest.test9" time="0.001"/>
  <testcase classname="com.jpinon.cipher.caesar.impl.CaesarCipherTest" name="com.jpinon.cipher.caesar.impl.CaesarCipherTest.test10" time="0"/>
  <testcase classname="com.jpinon.cipher.caesar.impl.CaesarCipherTest" name="com.jpinon.cipher.caesar.impl.CaesarCipherTest.test11" time="0"/>
</testsuite>